<?xml version="1.0" encoding="UTF-8"?>
<!-- Generated by org.testng.reporters.JUnitReportReporter -->
<testsuite skipped="0" hostname="DESKTOP-RK4B14D" name="flipkarttests.FlipkartTest" tests="1" failures="0" timestamp="07 Dec 2021 13:23:01 GMT" time="2.524" errors="0">
  <testcase name="launchBrowser" time="2.524" classname="flipkarttests.FlipkartTest"/>
</testsuite> <!-- flipkarttests.FlipkartTest -->
